{
  "stats": {
    "suites": 4,
    "tests": 4,
    "passes": 4,
    "pending": 0,
    "failures": 0,
    "start": "2020-10-28T12:42:31.646Z",
    "end": "2020-10-28T12:43:42.745Z",
    "duration": 71099,
    "testsRegistered": 4,
    "passPercent": 100,
    "pendingPercent": 0,
    "other": 0,
    "hasOther": false,
    "skipped": 0,
    "hasSkipped": false
  },
  "results": [
    {
      "uuid": "fcc09800-c93c-4db9-9384-68e4f7c7a4d5",
      "title": "",
      "fullFile": "cypress\\integration\\WestPacTests\\KiwiSaverRetCalcTest.spec.js",
      "file": "cypress\\integration\\WestPacTests\\KiwiSaverRetCalcTest.spec.js",
      "beforeHooks": [],
      "afterHooks": [],
      "tests": [],
      "suites": [
        {
          "uuid": "9ecb2222-3b3f-4557-b614-85d3db0a68f1",
          "title": "User Story 1:- Verify Current Age Info Icon Text",
          "fullFile": "",
          "file": "",
          "beforeHooks": [],
          "afterHooks": [],
          "tests": [
            {
              "title": "Verify the Current Age field Icon Text",
              "fullTitle": "User Story 1:- Verify Current Age Info Icon Text Verify the Current Age field Icon Text",
              "timedOut": null,
              "duration": 26751,
              "state": "passed",
              "speed": "slow",
              "pass": true,
              "fail": false,
              "pending": false,
              "context": null,
              "code": "ksrc.hoverKiwiSaverMenu();\nksrc.clickKiwiSaverCalBtn().click();\nksrc.clickHereToGetStartedBtn().click();\nksrc.clickCurrentAgeInformationIconBtn();\nksrc.compareCurrentAgeInfoIconText();",
              "err": {},
              "uuid": "a23c8e61-f8ed-49b7-b963-1b255cc8bfb2",
              "parentUUID": "9ecb2222-3b3f-4557-b614-85d3db0a68f1",
              "isHook": false,
              "skipped": false
            }
          ],
          "suites": [],
          "passes": [
            "a23c8e61-f8ed-49b7-b963-1b255cc8bfb2"
          ],
          "failures": [],
          "pending": [],
          "skipped": [],
          "duration": 26751,
          "root": false,
          "rootEmpty": false,
          "_timeout": 2000
        },
        {
          "uuid": "ce382326-2bcd-4f5e-849b-b38ee911d4ee",
          "title": "User Story 2A:- Status Employed Kiwisaver Retirement Calculations",
          "fullFile": "",
          "file": "",
          "beforeHooks": [],
          "afterHooks": [],
          "tests": [
            {
              "title": "Verify the Employed users Kiwisaver Projections",
              "fullTitle": "User Story 2A:- Status Employed Kiwisaver Retirement Calculations Verify the Employed users Kiwisaver Projections",
              "timedOut": null,
              "duration": 2991,
              "state": "passed",
              "speed": "slow",
              "pass": true,
              "fail": false,
              "pending": false,
              "context": null,
              "code": "ksrc.currentAge('30');\nksrc.selectEmploymentStatus('employed').click();\nksrc.salaryWageGross('82000');\nksrc.checkKiwiSaverContribution().click();\nksrc.selectRiskProfile('low').click();\nksrc.viewKiwisaverSubmitBtn().click();",
              "err": {},
              "uuid": "a9dde686-b4d8-41fe-ba7c-29b2e3e5b261",
              "parentUUID": "ce382326-2bcd-4f5e-849b-b38ee911d4ee",
              "isHook": false,
              "skipped": false
            }
          ],
          "suites": [],
          "passes": [
            "a9dde686-b4d8-41fe-ba7c-29b2e3e5b261"
          ],
          "failures": [],
          "pending": [],
          "skipped": [],
          "duration": 2991,
          "root": false,
          "rootEmpty": false,
          "_timeout": 2000
        },
        {
          "uuid": "5ac1860d-5273-4346-8b46-780994103b0e",
          "title": "User Story 2B:- Status Self-Employed Kiwisaver Retirement Calculations",
          "fullFile": "",
          "file": "",
          "beforeHooks": [],
          "afterHooks": [],
          "tests": [
            {
              "title": "Verify the Self Employed users Kiwisaver Projections",
              "fullTitle": "User Story 2B:- Status Self-Employed Kiwisaver Retirement Calculations Verify the Self Employed users Kiwisaver Projections",
              "timedOut": null,
              "duration": 3746,
              "state": "passed",
              "speed": "slow",
              "pass": true,
              "fail": false,
              "pending": false,
              "context": null,
              "code": "ksrc.currentAge('45');\nksrc.selectEmploymentStatus('self-employed').click();\nksrc.currentKiwiSaverBalance('100000');\nksrc.voluntaryContributionAmount('90');\nksrc.voluntaryContributionFrequency('Frequency', 'fortnight').click();\nksrc.selectRiskProfile('medium').click();\nksrc.savingGoalAmount('290000');",
              "err": {},
              "uuid": "565b9b3a-7e38-4c36-9ea9-17457fc5b224",
              "parentUUID": "5ac1860d-5273-4346-8b46-780994103b0e",
              "isHook": false,
              "skipped": false
            }
          ],
          "suites": [],
          "passes": [
            "565b9b3a-7e38-4c36-9ea9-17457fc5b224"
          ],
          "failures": [],
          "pending": [],
          "skipped": [],
          "duration": 3746,
          "root": false,
          "rootEmpty": false,
          "_timeout": 2000
        },
        {
          "uuid": "5ead7254-f971-42dd-98fc-08bc17e0c228",
          "title": "User Story 2C:- Status Not-Employed Kiwisaver Retirement Calculations",
          "fullFile": "",
          "file": "",
          "beforeHooks": [],
          "afterHooks": [],
          "tests": [
            {
              "title": "Verify the Not Employed users Kiwisaver Projections",
              "fullTitle": "User Story 2C:- Status Not-Employed Kiwisaver Retirement Calculations Verify the Not Employed users Kiwisaver Projections",
              "timedOut": null,
              "duration": 4980,
              "state": "passed",
              "speed": "slow",
              "pass": true,
              "fail": false,
              "pending": false,
              "context": null,
              "code": "ksrc.currentAge('55');\nksrc.selectEmploymentStatus('not-employed').click();\nksrc.currentKiwiSaverBalance('140000');\nksrc.voluntaryContributionAmount('10');\nksrc.voluntaryContributionFrequency('Fortnightly', 'week').click();\nksrc.selectRiskProfile('high').click();\nksrc.savingGoalAmount('200000');",
              "err": {},
              "uuid": "303f395a-3f48-4d19-bfb9-3f25e1691017",
              "parentUUID": "5ead7254-f971-42dd-98fc-08bc17e0c228",
              "isHook": false,
              "skipped": false
            }
          ],
          "suites": [],
          "passes": [
            "303f395a-3f48-4d19-bfb9-3f25e1691017"
          ],
          "failures": [],
          "pending": [],
          "skipped": [],
          "duration": 4980,
          "root": false,
          "rootEmpty": false,
          "_timeout": 2000
        }
      ],
      "passes": [],
      "failures": [],
      "pending": [],
      "skipped": [],
      "duration": 0,
      "root": true,
      "rootEmpty": true,
      "_timeout": 2000
    }
  ],
  "meta": {
    "mocha": {
      "version": "7.0.1"
    },
    "mochawesome": {
      "options": {
        "quiet": false,
        "reportFilename": "mochawesome",
        "saveHtml": true,
        "saveJson": true,
        "consoleReporter": "spec",
        "useInlineDiffs": false,
        "code": true
      },
      "version": "6.1.1"
    },
    "marge": {
      "options": {
        "reporterEnabled": "mochawesome",
        "mochawesomeReporterOptions": {
          "reportDir": "cypress/mochawesome-report",
          "quite": true,
          "overwrite": true,
          "html": true,
          "json": true,
          "timestamp": "ddmmyyyy_HHMMss"
        }
      },
      "version": "5.1.0"
    }
  }
}